c:\users\micha\documents\programming projects\c++\neuralnetworkvsc\neuralnetworkvsc\x64\debug\vc143.pdb
c:\users\micha\documents\programming projects\c++\neuralnetworkvsc\neuralnetworkvsc\x64\debug\vc143.idb
c:\users\micha\documents\programming projects\c++\neuralnetworkvsc\neuralnetworkvsc\x64\debug\main.obj
c:\users\micha\documents\programming projects\c++\neuralnetworkvsc\neuralnetworkvsc\x64\debug\driver.obj
c:\users\micha\documents\programming projects\c++\neuralnetworkvsc\x64\debug\display.exe
c:\users\micha\documents\programming projects\c++\neuralnetworkvsc\x64\debug\display.pdb
c:\users\micha\documents\programming projects\c++\neuralnetworkvsc\neuralnetworkvsc\x64\debug\display.ilk
c:\users\micha\documents\programming projects\c++\neuralnetworkvsc\neuralnetworkvsc\x64\debug\neuralnetworkvsc.ilk
c:\users\micha\documents\programming projects\c++\neuralnetworkvsc\neuralnetworkvsc\x64\debug\display.tlog\cl.command.1.tlog
c:\users\micha\documents\programming projects\c++\neuralnetworkvsc\neuralnetworkvsc\x64\debug\display.tlog\cl.items.tlog
c:\users\micha\documents\programming projects\c++\neuralnetworkvsc\neuralnetworkvsc\x64\debug\display.tlog\cl.read.1.tlog
c:\users\micha\documents\programming projects\c++\neuralnetworkvsc\neuralnetworkvsc\x64\debug\display.tlog\cl.write.1.tlog
c:\users\micha\documents\programming projects\c++\neuralnetworkvsc\neuralnetworkvsc\x64\debug\display.tlog\link-cvtres.read.1.tlog
c:\users\micha\documents\programming projects\c++\neuralnetworkvsc\neuralnetworkvsc\x64\debug\display.tlog\link-cvtres.write.1.tlog
c:\users\micha\documents\programming projects\c++\neuralnetworkvsc\neuralnetworkvsc\x64\debug\display.tlog\link-rc.read.1.tlog
c:\users\micha\documents\programming projects\c++\neuralnetworkvsc\neuralnetworkvsc\x64\debug\display.tlog\link-rc.write.1.tlog
c:\users\micha\documents\programming projects\c++\neuralnetworkvsc\neuralnetworkvsc\x64\debug\display.tlog\link.5444-cvtres.read.1.tlog
c:\users\micha\documents\programming projects\c++\neuralnetworkvsc\neuralnetworkvsc\x64\debug\display.tlog\link.5444-cvtres.write.1.tlog
c:\users\micha\documents\programming projects\c++\neuralnetworkvsc\neuralnetworkvsc\x64\debug\display.tlog\link.5444-rc.read.1.tlog
c:\users\micha\documents\programming projects\c++\neuralnetworkvsc\neuralnetworkvsc\x64\debug\display.tlog\link.5444-rc.write.1.tlog
c:\users\micha\documents\programming projects\c++\neuralnetworkvsc\neuralnetworkvsc\x64\debug\display.tlog\link.5444.read.1.tlog
c:\users\micha\documents\programming projects\c++\neuralnetworkvsc\neuralnetworkvsc\x64\debug\display.tlog\link.5444.read.2.tlog
c:\users\micha\documents\programming projects\c++\neuralnetworkvsc\neuralnetworkvsc\x64\debug\display.tlog\link.5444.write.1.tlog
c:\users\micha\documents\programming projects\c++\neuralnetworkvsc\neuralnetworkvsc\x64\debug\display.tlog\link.command.1.tlog
c:\users\micha\documents\programming projects\c++\neuralnetworkvsc\neuralnetworkvsc\x64\debug\display.tlog\link.read.1.tlog
c:\users\micha\documents\programming projects\c++\neuralnetworkvsc\neuralnetworkvsc\x64\debug\display.tlog\link.read.2.tlog
c:\users\micha\documents\programming projects\c++\neuralnetworkvsc\neuralnetworkvsc\x64\debug\display.tlog\link.read.3.tlog
c:\users\micha\documents\programming projects\c++\neuralnetworkvsc\neuralnetworkvsc\x64\debug\display.tlog\link.secondary.1.tlog
c:\users\micha\documents\programming projects\c++\neuralnetworkvsc\neuralnetworkvsc\x64\debug\display.tlog\link.write.1.tlog
