C:\Program Files\Microsoft Visual Studio\2022\Community\MSBuild\Microsoft\VC\v170\Microsoft.CppBuild.targets(531,5): warning MSB8028: The intermediate directory (x64\Debug\) contains files shared from another project (Network.vcxproj).  This can lead to incorrect clean and rebuild behavior.
  Network.cpp
C:\Users\micha\Documents\Programming Projects\C++\NeuralNetworkVSC\Network\Network.cpp(35,17): warning C4267: 'initializing': conversion from 'size_t' to 'int', possible loss of data
C:\Users\micha\Documents\Programming Projects\C++\NeuralNetworkVSC\Network\Network.cpp(144,24): warning C4267: 'return': conversion from 'size_t' to 'int', possible loss of data
C:\Users\micha\Documents\Programming Projects\C++\NeuralNetworkVSC\Network\Network.cpp(170,14): warning C4267: 'initializing': conversion from 'size_t' to 'int', possible loss of data
C:\Users\micha\Documents\Programming Projects\C++\NeuralNetworkVSC\Network\Network.cpp(322,18): warning C4267: 'initializing': conversion from 'size_t' to 'int', possible loss of data
C:\Users\micha\Documents\Programming Projects\C++\NeuralNetworkVSC\Network\Network.cpp(347,14): warning C4267: 'initializing': conversion from 'size_t' to 'int', possible loss of data
C:\Users\micha\Documents\Programming Projects\C++\NeuralNetworkVSC\Network\Network.cpp(386,14): warning C4267: 'initializing': conversion from 'size_t' to 'int', possible loss of data
C:\Users\micha\Documents\Programming Projects\C++\NeuralNetworkVSC\Network\Network.cpp(501,30): warning C4267: '=': conversion from 'size_t' to 'int', possible loss of data
C:\Users\micha\Documents\Programming Projects\C++\NeuralNetworkVSC\Network\Network.cpp(505,30): warning C4267: '=': conversion from 'size_t' to 'int', possible loss of data
C:\Users\micha\Documents\Programming Projects\C++\NeuralNetworkVSC\Network\Network.cpp(517,30): warning C4267: '=': conversion from 'size_t' to 'int', possible loss of data
C:\Users\micha\Documents\Programming Projects\C++\NeuralNetworkVSC\Network\Network.cpp(521,30): warning C4267: '=': conversion from 'size_t' to 'int', possible loss of data
C:\Users\micha\Documents\Programming Projects\C++\NeuralNetworkVSC\Network\Network.cpp(537,30): warning C4267: '=': conversion from 'size_t' to 'int', possible loss of data
C:\Users\micha\Documents\Programming Projects\C++\NeuralNetworkVSC\Network\Network.cpp(539,30): warning C4267: '=': conversion from 'size_t' to 'int', possible loss of data
C:\Users\micha\Documents\Programming Projects\C++\NeuralNetworkVSC\Network\Network.cpp(543,34): warning C4267: '=': conversion from 'size_t' to 'int', possible loss of data
C:\Users\micha\Documents\Programming Projects\C++\NeuralNetworkVSC\Network\Network.cpp(562,34): warning C4267: '=': conversion from 'size_t' to 'int', possible loss of data
C:\Users\micha\Documents\Programming Projects\C++\NeuralNetworkVSC\Network\Network.cpp(566,38): warning C4267: '=': conversion from 'size_t' to 'int', possible loss of data
  Node.cpp
  Generating Code...
  Network.vcxproj -> C:\Users\micha\Documents\Programming Projects\C++\NeuralNetworkVSC\x64\Debug\NeuralNetwork.lib
